
ROM used:   2862/87552 (2%)
            2862/87552 (2%) including unused fragments

            1.5 Average locations per line
            19.6 Average locations per statement

RAM used:   6435/28672 (22%) at main() level
            6548/28672 (23%) worst case

Stack used: 38 worst case (38 in main + 0 for interrupts)
Stack size: 128

Lines Stmts  %   Files
----- ----- ---  -----
   49    20  14  main.c
   26     0   0  main.h
 1533     0   0  C:\Program Files (x86)\PICC\Devices\33EP256MU810.h
  258   120  82  Wifi_ESP12.c
   34     6   4  C:\Program Files (x86)\PICC\Drivers\stdarg.h
----- -----
 1900   146 Total

Page ROM  %  RAM   Vol Diff  Functions:
---- --- --- ---   --- ----  ----------
0     24   0    2             @delay_ms1
0    140   2    6   482  6.8  waitAnswer
0     48   1    5    86  2.1  writeATCommand
0     16   0    0             @const1016
0     18   0    1             @SPRINTF
0     34   1    0    48  1.6  connectModule
0     16   0    0             @const1023
0     52   1    2    61  1.6  selectMode
0     26   0    0             @const1026
0    262   5    0             @PRINTFD16_1020
0     56   1    2    78  1.9  selectMultipleOrSingle
0     26   0    0             @const1035
0    138   2   84   163  3.3  connectWifi
0     34   1    0             @const1040
0    130   2    3   219  2.2  accessPoint
0     24   0    0   219  2.2  @const1044
0     18   0    0             @const1046
0     16   0    0             @const1048
0     22   0    0             @const1050
0     20   0    0             @const1052
0     34   1    0    48  1.6  setSTA
0     38   1    0             @const1058
0     56   1    2    78  1.9  setTimeout
0     26   0    0             @const1061
0     48   1    0    57  1.7  queryTimeout
0     24   0    0             @const1063
0    142   2    4   349  3.3  serverMode
0     32   1    0             @const1067
0    218   4   10   660  7.7  sendDataviaESP
0     30   1    0             @const1072
0    182   3    0   532  3.7  connectESP
0     18   0    0             @const1083
0     20   0    0    33  1.3  @const1084
0    124   2   11   299  5.1  rda_isr
0    202   4    0   195  3.0  MAIN
0     36   1    0   195  3.0  @const1095
 Inline         0             @cinit1

Program metrics:
    Functions               18
    Statements              146
    Comments                206
    Volume (V)              6738
    Difficulty (D)          52.2
    Effort to implement (E) 351426
    Time to implement (T)   5 hours, 25 minutes
    Est Delivered Bugs (B)  2
    Cyclomatic Complexity   23
    Maintainability (MI)    63

 Segment     Used  Free
-----------  ----  ----
00000-00002     4  0  
00004-001FE   508  0  
00200-0FFFE  2350  62674  
10000-1FFFE     0  65536  
20000-2ABFE     0  44032  



